<?xml version="1.0" encoding="UTF-8"?>
<testsuite name="com.deepjin.book.springboot.domain.posts.PostsRepositoryTest" tests="1" skipped="0" failures="0" errors="0" timestamp="2020-06-13T10:16:46" hostname="yoojin-Macbook-Pro.local" time="0.561">
  <properties/>
  <testcase name="게시글_불러오기" classname="com.deepjin.book.springboot.domain.posts.PostsRepositoryTest" time="0.561"/>
  <system-out><![CDATA[19:16:40.361 [Test worker] DEBUG org.springframework.test.context.junit4.SpringJUnit4ClassRunner - SpringJUnit4ClassRunner constructor called with [class com.deepjin.book.springboot.domain.posts.PostsRepositoryTest]
19:16:40.370 [Test worker] DEBUG org.springframework.test.context.BootstrapUtils - Instantiating CacheAwareContextLoaderDelegate from class [org.springframework.test.context.cache.DefaultCacheAwareContextLoaderDelegate]
19:16:40.378 [Test worker] DEBUG org.springframework.test.context.BootstrapUtils - Instantiating BootstrapContext using constructor [public org.springframework.test.context.support.DefaultBootstrapContext(java.lang.Class,org.springframework.test.context.CacheAwareContextLoaderDelegate)]
19:16:40.397 [Test worker] DEBUG org.springframework.test.context.BootstrapUtils - Instantiating TestContextBootstrapper for test class [com.deepjin.book.springboot.domain.posts.PostsRepositoryTest] from class [org.springframework.boot.test.context.SpringBootTestContextBootstrapper]
19:16:40.411 [Test worker] INFO org.springframework.boot.test.context.SpringBootTestContextBootstrapper - Neither @ContextConfiguration nor @ContextHierarchy found for test class [com.deepjin.book.springboot.domain.posts.PostsRepositoryTest], using SpringBootContextLoader
19:16:40.414 [Test worker] DEBUG org.springframework.test.context.support.AbstractContextLoader - Did not detect default resource location for test class [com.deepjin.book.springboot.domain.posts.PostsRepositoryTest]: class path resource [com/deepjin/book/springboot/domain/posts/PostsRepositoryTest-context.xml] does not exist
19:16:40.414 [Test worker] DEBUG org.springframework.test.context.support.AbstractContextLoader - Did not detect default resource location for test class [com.deepjin.book.springboot.domain.posts.PostsRepositoryTest]: class path resource [com/deepjin/book/springboot/domain/posts/PostsRepositoryTestContext.groovy] does not exist
19:16:40.415 [Test worker] INFO org.springframework.test.context.support.AbstractContextLoader - Could not detect default resource locations for test class [com.deepjin.book.springboot.domain.posts.PostsRepositoryTest]: no resource found for suffixes {-context.xml, Context.groovy}.
19:16:40.415 [Test worker] INFO org.springframework.test.context.support.AnnotationConfigContextLoaderUtils - Could not detect default configuration classes for test class [com.deepjin.book.springboot.domain.posts.PostsRepositoryTest]: PostsRepositoryTest does not declare any static, non-private, non-final, nested classes annotated with @Configuration.
19:16:40.451 [Test worker] DEBUG org.springframework.test.context.support.ActiveProfilesUtils - Could not find an 'annotation declaring class' for annotation type [org.springframework.test.context.ActiveProfiles] and class [com.deepjin.book.springboot.domain.posts.PostsRepositoryTest]
19:16:40.518 [Test worker] DEBUG org.springframework.context.annotation.ClassPathScanningCandidateComponentProvider - Identified candidate component class: file [/Users/user/Documents/github/semi/build/classes/java/main/com/deepjin/book/springboot/Application.class]
19:16:40.520 [Test worker] INFO org.springframework.boot.test.context.SpringBootTestContextBootstrapper - Found @SpringBootConfiguration com.deepjin.book.springboot.Application for test class com.deepjin.book.springboot.domain.posts.PostsRepositoryTest
19:16:40.594 [Test worker] DEBUG org.springframework.boot.test.context.SpringBootTestContextBootstrapper - @TestExecutionListeners is not present for class [com.deepjin.book.springboot.domain.posts.PostsRepositoryTest]: using defaults.
19:16:40.595 [Test worker] INFO org.springframework.boot.test.context.SpringBootTestContextBootstrapper - Loaded default TestExecutionListener class names from location [META-INF/spring.factories]: [org.springframework.boot.test.autoconfigure.restdocs.RestDocsTestExecutionListener, org.springframework.boot.test.autoconfigure.web.client.MockRestServiceServerResetTestExecutionListener, org.springframework.boot.test.autoconfigure.web.servlet.MockMvcPrintOnlyOnFailureTestExecutionListener, org.springframework.boot.test.autoconfigure.web.servlet.WebDriverTestExecutionListener, org.springframework.boot.test.mock.mockito.MockitoTestExecutionListener, org.springframework.boot.test.mock.mockito.ResetMocksTestExecutionListener, org.springframework.test.context.web.ServletTestExecutionListener, org.springframework.test.context.support.DirtiesContextBeforeModesTestExecutionListener, org.springframework.test.context.support.DependencyInjectionTestExecutionListener, org.springframework.test.context.support.DirtiesContextTestExecutionListener, org.springframework.test.context.transaction.TransactionalTestExecutionListener, org.springframework.test.context.jdbc.SqlScriptsTestExecutionListener]
19:16:40.616 [Test worker] INFO org.springframework.boot.test.context.SpringBootTestContextBootstrapper - Using TestExecutionListeners: [org.springframework.test.context.web.ServletTestExecutionListener@2de06831, org.springframework.test.context.support.DirtiesContextBeforeModesTestExecutionListener@6e1a6d84, org.springframework.boot.test.mock.mockito.MockitoTestExecutionListener@2d53f0ce, org.springframework.boot.test.autoconfigure.SpringBootDependencyInjectionTestExecutionListener@67b3648b, org.springframework.test.context.support.DirtiesContextTestExecutionListener@493c29ac, org.springframework.test.context.transaction.TransactionalTestExecutionListener@74771b42, org.springframework.test.context.jdbc.SqlScriptsTestExecutionListener@46104082, org.springframework.boot.test.autoconfigure.restdocs.RestDocsTestExecutionListener@3a7bf3f7, org.springframework.boot.test.autoconfigure.web.client.MockRestServiceServerResetTestExecutionListener@12a2cc5d, org.springframework.boot.test.autoconfigure.web.servlet.MockMvcPrintOnlyOnFailureTestExecutionListener@5ec37840, org.springframework.boot.test.autoconfigure.web.servlet.WebDriverTestExecutionListener@1a93374a, org.springframework.boot.test.mock.mockito.ResetMocksTestExecutionListener@7f929ba4]
19:16:40.619 [Test worker] DEBUG org.springframework.test.annotation.ProfileValueUtils - Retrieved @ProfileValueSourceConfiguration [null] for test class [com.deepjin.book.springboot.domain.posts.PostsRepositoryTest]
19:16:40.620 [Test worker] DEBUG org.springframework.test.annotation.ProfileValueUtils - Retrieved ProfileValueSource type [class org.springframework.test.annotation.SystemProfileValueSource] for class [com.deepjin.book.springboot.domain.posts.PostsRepositoryTest]
19:16:40.623 [Test worker] DEBUG org.springframework.test.annotation.ProfileValueUtils - Retrieved @ProfileValueSourceConfiguration [null] for test class [com.deepjin.book.springboot.domain.posts.PostsRepositoryTest]
19:16:40.623 [Test worker] DEBUG org.springframework.test.annotation.ProfileValueUtils - Retrieved ProfileValueSource type [class org.springframework.test.annotation.SystemProfileValueSource] for class [com.deepjin.book.springboot.domain.posts.PostsRepositoryTest]
19:16:40.624 [Test worker] DEBUG org.springframework.test.annotation.ProfileValueUtils - Retrieved @ProfileValueSourceConfiguration [null] for test class [com.deepjin.book.springboot.domain.posts.PostsRepositoryTest]
19:16:40.624 [Test worker] DEBUG org.springframework.test.annotation.ProfileValueUtils - Retrieved ProfileValueSource type [class org.springframework.test.annotation.SystemProfileValueSource] for class [com.deepjin.book.springboot.domain.posts.PostsRepositoryTest]
19:16:40.629 [Test worker] DEBUG org.springframework.test.context.support.AbstractDirtiesContextTestExecutionListener - Before test class: context [DefaultTestContext@7722c2d8 testClass = PostsRepositoryTest, testInstance = [null], testMethod = [null], testException = [null], mergedContextConfiguration = [WebMergedContextConfiguration@7bc58dc testClass = PostsRepositoryTest, locations = '{}', classes = '{class com.deepjin.book.springboot.Application}', contextInitializerClasses = '[]', activeProfiles = '{}', propertySourceLocations = '{}', propertySourceProperties = '{org.springframework.boot.test.context.SpringBootTestContextBootstrapper=true}', contextCustomizers = set[org.springframework.boot.test.autoconfigure.properties.PropertyMappingContextCustomizer@0, org.springframework.boot.test.autoconfigure.web.servlet.WebDriverContextCustomizerFactory$Customizer@1aa5dcb3, org.springframework.boot.test.context.filter.ExcludeFilterContextCustomizer@f7b9bd3, org.springframework.boot.test.json.DuplicateJsonObjectContextCustomizerFactory$DuplicateJsonObjectContextCustomizer@6a296bb8, org.springframework.boot.test.mock.mockito.MockitoContextCustomizer@0, org.springframework.boot.test.web.client.TestRestTemplateContextCustomizer@691dcb16], resourceBasePath = 'src/main/webapp', contextLoader = 'org.springframework.boot.test.context.SpringBootContextLoader', parent = [null]], attributes = map['org.springframework.test.context.web.ServletTestExecutionListener.activateListener' -> true]], class annotated with @DirtiesContext [false] with mode [null].
19:16:40.629 [Test worker] DEBUG org.springframework.test.annotation.ProfileValueUtils - Retrieved @ProfileValueSourceConfiguration [null] for test class [com.deepjin.book.springboot.domain.posts.PostsRepositoryTest]
19:16:40.630 [Test worker] DEBUG org.springframework.test.annotation.ProfileValueUtils - Retrieved ProfileValueSource type [class org.springframework.test.annotation.SystemProfileValueSource] for class [com.deepjin.book.springboot.domain.posts.PostsRepositoryTest]
19:16:40.646 [Test worker] DEBUG org.springframework.test.context.support.TestPropertySourceUtils - Adding inlined properties to environment: {spring.jmx.enabled=false, org.springframework.boot.test.context.SpringBootTestContextBootstrapper=true, server.port=-1}

  .   ____          _            __ _ _
 /\\ / ___'_ __ _ _(_)_ __  __ _ \ \ \ \
( ( )\___ | '_ | '_| | '_ \/ _` | \ \ \ \
 \\/  ___)| |_)| | | | | || (_| |  ) ) ) )
  '  |____| .__|_| |_|_| |_\__, | / / / /
 =========|_|==============|___/=/_/_/_/
 :: Spring Boot ::        (v2.1.7.RELEASE)

2020-06-13 19:16:40.965  INFO 20001 --- [    Test worker] c.d.b.s.d.posts.PostsRepositoryTest      : Starting PostsRepositoryTest on yoojin-Macbook-Pro.local with PID 20001 (started by user in /Users/user/Documents/github/semi)
2020-06-13 19:16:40.967  INFO 20001 --- [    Test worker] c.d.b.s.d.posts.PostsRepositoryTest      : No active profile set, falling back to default profiles: default
2020-06-13 19:16:41.835  INFO 20001 --- [    Test worker] .s.d.r.c.RepositoryConfigurationDelegate : Bootstrapping Spring Data repositories in DEFAULT mode.
2020-06-13 19:16:41.934  INFO 20001 --- [    Test worker] .s.d.r.c.RepositoryConfigurationDelegate : Finished Spring Data repository scanning in 86ms. Found 1 repository interfaces.
2020-06-13 19:16:42.456  INFO 20001 --- [    Test worker] trationDelegate$BeanPostProcessorChecker : Bean 'org.springframework.transaction.annotation.ProxyTransactionManagementConfiguration' of type [org.springframework.transaction.annotation.ProxyTransactionManagementConfiguration$$EnhancerBySpringCGLIB$$498a4782] is not eligible for getting processed by all BeanPostProcessors (for example: not eligible for auto-proxying)
2020-06-13 19:16:43.049  INFO 20001 --- [    Test worker] com.zaxxer.hikari.HikariDataSource       : HikariPool-1 - Starting...
2020-06-13 19:16:43.474  INFO 20001 --- [    Test worker] com.zaxxer.hikari.HikariDataSource       : HikariPool-1 - Start completed.
2020-06-13 19:16:43.601  INFO 20001 --- [    Test worker] o.hibernate.jpa.internal.util.LogHelper  : HHH000204: Processing PersistenceUnitInfo [
	name: default
	...]
2020-06-13 19:16:43.709  INFO 20001 --- [    Test worker] org.hibernate.Version                    : HHH000412: Hibernate Core {5.3.10.Final}
2020-06-13 19:16:43.711  INFO 20001 --- [    Test worker] org.hibernate.cfg.Environment            : HHH000206: hibernate.properties not found
2020-06-13 19:16:43.960  INFO 20001 --- [    Test worker] o.hibernate.annotations.common.Version   : HCANN000001: Hibernate Commons Annotations {5.0.4.Final}
2020-06-13 19:16:44.160  INFO 20001 --- [    Test worker] org.hibernate.dialect.Dialect            : HHH000400: Using dialect: org.hibernate.dialect.H2Dialect
2020-06-13 19:16:44.951  INFO 20001 --- [    Test worker] o.h.t.schema.internal.SchemaCreatorImpl  : HHH000476: Executing import script 'org.hibernate.tool.schema.internal.exec.ScriptSourceInputNonExistentImpl@3aac6f2e'
2020-06-13 19:16:44.954  INFO 20001 --- [    Test worker] j.LocalContainerEntityManagerFactoryBean : Initialized JPA EntityManagerFactory for persistence unit 'default'
2020-06-13 19:16:46.172  INFO 20001 --- [    Test worker] o.s.s.concurrent.ThreadPoolTaskExecutor  : Initializing ExecutorService 'applicationTaskExecutor'
2020-06-13 19:16:46.222  WARN 20001 --- [    Test worker] aWebConfiguration$JpaWebMvcConfiguration : spring.jpa.open-in-view is enabled by default. Therefore, database queries may be performed during view rendering. Explicitly configure spring.jpa.open-in-view to disable this warning
2020-06-13 19:16:46.625  INFO 20001 --- [    Test worker] c.d.b.s.d.posts.PostsRepositoryTest      : Started PostsRepositoryTest in 5.97 seconds (JVM running for 6.98)
2020-06-13 19:16:46.850  INFO 20001 --- [    Test worker] o.h.h.i.QueryTranslatorFactoryInitiator  : HHH000397: Using ASTQueryTranslatorFactory
]]></system-out>
  <system-err><![CDATA[]]></system-err>
</testsuite>
